<?xml version="1.0" encoding="UTF-8"?>
<!-- Generated by org.testng.reporters.JUnitXMLReporter -->
<testsuite ignored="0" hostname="Nexsoft" failures="0" tests="7" name="BackEnd Test" time="12.234" errors="0" timestamp="2022-06-14T14:53:24 WIB">
  <testcase classname="com.nexsoft.testng.dashboard.CRUDBuilder" name="Login" time="6.277"/>
  <testcase classname="com.nexsoft.testng.dashboard.CRUDBuilder" name="cobaDulu" time="0.008"/>
  <testcase classname="com.nexsoft.testng.dashboard.CRUDBuilder" name="cobaDulu" time="0.008"/>
  <testcase classname="com.nexsoft.testng.dashboard.CRUDBuilder" name="cobaDulu" time="0.008"/>
  <testcase classname="com.nexsoft.testng.dashboard.CRUDBuilder" name="createData" time="4.303"/>
  <testcase classname="com.nexsoft.testng.dashboard.CRUDBuilder" name="getUsername" time="0.069"/>
  <testcase classname="com.nexsoft.testng.dashboard.CRUDBuilder" name="getUsername2" time="0.042"/>
</testsuite> <!-- BackEnd Test -->
