<?xml version="1.0" encoding="UTF-8"?>
<!-- Generated by org.testng.reporters.JUnitXMLReporter -->
<testsuite ignored="0" hostname="Nexsoft" failures="0" tests="4" name="FrontEnd Test" time="8.309" errors="0" timestamp="2022-06-14T14:53:11 WIB">
  <testcase classname="com.nexsoft.testng.frontpage.Frontpage" name="ImageTest" time="0.011"/>
  <testcase classname="com.nexsoft.testng.frontpage.Frontpage" name="Login" time="3.274"/>
  <testcase classname="com.nexsoft.testng.frontpage.Frontpage" name="consumeData" time="0.004"/>
  <testcase classname="com.nexsoft.testng.frontpage.Frontpage" name="consumeData" time="0.007"/>
</testsuite> <!-- FrontEnd Test -->
